<?xml version="1.0" encoding="UTF-8"?>
<!-- Generated by org.testng.reporters.JUnitReportReporter -->
<testsuite hostname="Anuradha" failures="0" tests="1" name="Demosite.TestDemo" time="3.244" errors="0" timestamp="2025-01-25T17:43:07 IST" skipped="0">
  <testcase classname="Demosite.TestDemo" name="CallingMethods" time="3.244"/>
</testsuite> <!-- Demosite.TestDemo -->
